\BOOKMARK [0][-]{section*.2}{Prefazione}{}% 1
\BOOKMARK [0][-]{chapter.1}{Preambolo}{}% 2
\BOOKMARK [1][-]{section.1.1}{Introduzione}{chapter.1}% 3
\BOOKMARK [1][-]{section.1.2}{Introduzione ad Rstudio}{chapter.1}% 4
\BOOKMARK [0][-]{chapter.2}{Introduzione ad R }{}% 5
\BOOKMARK [1][-]{section.2.1}{Variabili}{chapter.2}% 6
\BOOKMARK [1][-]{section.2.2}{Costruzione di vettori}{chapter.2}% 7
\BOOKMARK [2][-]{subsection.2.2.1}{Generazione di sequenze: rep e seq}{section.2.2}% 8
\BOOKMARK [0][-]{chapter.3}{Matematica di Base}{}% 9
\BOOKMARK [1][-]{section.3.1}{Numeri, operazioni aritmetiche e variabili}{chapter.3}% 10
\BOOKMARK [2][-]{subsection.3.1.1}{I numeri}{section.3.1}% 11
\BOOKMARK [2][-]{subsection.3.1.2}{Costanti fondamentali}{section.3.1}% 12
\BOOKMARK [2][-]{subsection.3.1.3}{Interi e frazioni}{section.3.1}% 13
\BOOKMARK [1][-]{section.3.2}{Funzioni e grafici}{chapter.3}% 14
\BOOKMARK [2][-]{subsection.3.2.1}{Definizione di funzioni}{section.3.2}% 15
\BOOKMARK [2][-]{subsection.3.2.2}{Funzioni predefinite}{section.3.2}% 16
\BOOKMARK [2][-]{subsection.3.2.3}{Grafici}{section.3.2}% 17
\BOOKMARK [1][-]{section.3.3}{Composizione di funzioni}{chapter.3}% 18
\BOOKMARK [2][-]{subsection.3.3.1}{Esempi}{section.3.3}% 19
\BOOKMARK [1][-]{section.3.4}{Funzioni inverse}{chapter.3}% 20
\BOOKMARK [2][-]{subsection.3.4.1}{Grafico delle funzioni inverse}{section.3.4}% 21
\BOOKMARK [1][-]{section.3.5}{Funzioni inverse delle funzioni circolari}{chapter.3}% 22
\BOOKMARK [1][-]{section.3.6}{Applicazioni delle funzioni inverse: equazioni logaritmiche ed esponenziali}{chapter.3}% 23
\BOOKMARK [1][-]{section.3.7}{Derivate}{chapter.3}% 24
\BOOKMARK [2][-]{subsection.3.7.1}{Regola dei tre punti}{section.3.7}% 25
\BOOKMARK [2][-]{subsection.3.7.2}{Derivate ``formali''}{section.3.7}% 26
\BOOKMARK [2][-]{subsection.3.7.3}{Metodo delle tangenti di Newton}{section.3.7}% 27
\BOOKMARK [1][-]{section.3.8}{Integrali definiti}{chapter.3}% 28
\BOOKMARK [2][-]{subsection.3.8.1}{Metodi numerici di integrazione di R}{section.3.8}% 29
\BOOKMARK [2][-]{subsection.3.8.2}{Metodi di integrazione: metodo dei rettangoli e metodo dei trapezi}{section.3.8}% 30
\BOOKMARK [2][-]{subsection.3.8.3}{Metodo Montecarlo}{section.3.8}% 31
\BOOKMARK [1][-]{section.3.9}{Cenni di calcolo simbolico in R }{chapter.3}% 32
\BOOKMARK [1][-]{section.3.10}{soluzioni}{chapter.3}% 33
