\BOOKMARK [0][-]{chapter.1}{Statistica e probabilit\340 con R}{}% 1
\BOOKMARK [1][-]{section.1.1}{Lo spazio campionario}{chapter.1}% 2
\BOOKMARK [1][-]{section.1.2}{Gli eventi}{chapter.1}% 3
\BOOKMARK [1][-]{section.1.3}{La probabilit\340}{chapter.1}% 4
\BOOKMARK [2][-]{subsection.1.3.1}{Conseguenze}{section.1.3}% 5
\BOOKMARK [1][-]{section.1.4}{Variabili aleatorie}{chapter.1}% 6
\BOOKMARK [1][-]{section.1.5}{Variabili aleatorie discrete}{chapter.1}% 7
\BOOKMARK [2][-]{subsection.1.5.1}{Sistema completo di eventi}{section.1.5}% 8
\BOOKMARK [1][-]{section.1.6}{Lancio di 2 dadi}{chapter.1}% 9
\BOOKMARK [1][-]{section.1.7}{Probabilit\340 condizionata}{chapter.1}% 10
\BOOKMARK [1][-]{section.1.8}{Esempio 1}{chapter.1}% 11
\BOOKMARK [1][-]{section.1.9}{Esempio 2}{chapter.1}% 12
\BOOKMARK [1][-]{section.1.10}{Regola di Bayes}{chapter.1}% 13
\BOOKMARK [1][-]{section.1.11}{Legge della probabilit\340 totale}{chapter.1}% 14
\BOOKMARK [2][-]{subsection.1.11.1}{Esempio}{section.1.11}% 15
\BOOKMARK [1][-]{section.1.12}{Teorema di Bayes [forma estesa]}{chapter.1}% 16
\BOOKMARK [1][-]{section.1.13}{La concezione frequentista}{chapter.1}% 17
\BOOKMARK [2][-]{subsection.1.13.1}{Lancio di una coppia di dadi}{section.1.13}% 18
\BOOKMARK [2][-]{subsection.1.13.2}{Esercizio 1 }{section.1.13}% 19
\BOOKMARK [2][-]{subsection.1.13.3}{Albero di probabilit\340}{section.1.13}% 20
\BOOKMARK [2][-]{subsection.1.13.4}{Esempio 2}{section.1.13}% 21
\BOOKMARK [2][-]{subsection.1.13.5}{Esempio 3: specificit\340 e sensitivit\340 di un test diagnostico }{section.1.13}% 22
\BOOKMARK [2][-]{subsection.1.13.6}{Albero sensitivit\340/specificit\340}{section.1.13}% 23
\BOOKMARK [2][-]{subsection.1.13.7}{Approccio frequentista}{section.1.13}% 24
\BOOKMARK [2][-]{subsection.1.13.8}{HIV}{section.1.13}% 25
\BOOKMARK [1][-]{section.1.14}{Recessione}{chapter.1}% 26
\BOOKMARK [2][-]{subsection.1.14.1}{Esercizio}{section.1.14}% 27
\BOOKMARK [1][-]{section.1.15}{Simulazioni}{chapter.1}% 28
