This is pdfTeX, Version 3.14159265-2.6-1.40.16 (TeX Live 2015) (preloaded format=pdflatex 2015.10.5)  28 JAN 2016 16:44
entering extended mode
 restricted \write18 enabled.
 file:line:error style messages enabled.
 %&-line parsing enabled.
**statisticaconR.tex
(./statisticaconR.tex
LaTeX2e <2015/01/01>
Babel <3.9l> and hyphenation patterns for 79 languages loaded.
(/usr/local/texlive/2015/texmf-dist/tex/latex/base/book.cls
Document Class: book 2014/09/29 v1.4h Standard LaTeX document class
(/usr/local/texlive/2015/texmf-dist/tex/latex/base/bk11.clo
File: bk11.clo 2014/09/29 v1.4h Standard LaTeX file (size option)
)
\c@part=\count79
\c@chapter=\count80
\c@section=\count81
\c@subsection=\count82
\c@subsubsection=\count83
\c@paragraph=\count84
\c@subparagraph=\count85
\c@figure=\count86
\c@table=\count87
\abovecaptionskip=\skip41
\belowcaptionskip=\skip42
\bibindent=\dimen102
)
(/usr/local/texlive/2015/texmf-dist/tex/generic/babel/babel.sty
Package: babel 2014/09/25 3.9l The Babel package

(/usr/local/texlive/2015/texmf-dist/tex/generic/babel-english/english.ldf
Language: english 2012/08/20 v3.3p English support from the babel system

(/usr/local/texlive/2015/texmf-dist/tex/generic/babel/babel.def
File: babel.def 2014/09/25 3.9l Babel common definitions
\babel@savecnt=\count88
\U@D=\dimen103
)
\l@canadian = a dialect from \language\l@american 
\l@australian = a dialect from \language\l@british 
\l@newzealand = a dialect from \language\l@british 
)
(/usr/local/texlive/2015/texmf-dist/tex/generic/babel-italian/italian.ldf
Language: italian 2015/03/26 v1.3n Italian support from the babel system
\it@lettering=\count89
\it@doublequoteactive=\count90
\it@ISOcompliance=\count91
))
(/usr/local/texlive/2015/texmf-dist/tex/latex/etoolbox/etoolbox.sty
Package: etoolbox 2015/05/04 v2.2 e-TeX tools for LaTeX (JAW)
\etb@tempcnta=\count92
)
(/usr/local/texlive/2015/texmf-dist/tex/latex/base/inputenc.sty
Package: inputenc 2015/03/17 v1.2c Input encoding file
\inpenc@prehook=\toks14
\inpenc@posthook=\toks15

(/usr/local/texlive/2015/texmf-dist/tex/latex/base/utf8.def
File: utf8.def 2014/09/29 v1.1m UTF-8 support for inputenc
Now handling font encoding OML ...
... no UTF-8 mapping file for font encoding OML
Now handling font encoding T1 ...
... processing UTF-8 mapping file for font encoding T1

(/usr/local/texlive/2015/texmf-dist/tex/latex/base/t1enc.dfu
File: t1enc.dfu 2014/09/29 v1.1m UTF-8 support for inputenc
   defining Unicode char U+00A1 (decimal 161)
   defining Unicode char U+00A3 (decimal 163)
   defining Unicode char U+00AB (decimal 171)
   defining Unicode char U+00BB (decimal 187)
   defining Unicode char U+00BF (decimal 191)
   defining Unicode char U+00C0 (decimal 192)
   defining Unicode char U+00C1 (decimal 193)
   defining Unicode char U+00C2 (decimal 194)
   defining Unicode char U+00C3 (decimal 195)
   defining Unicode char U+00C4 (decimal 196)
   defining Unicode char U+00C5 (decimal 197)
   defining Unicode char U+00C6 (decimal 198)
   defining Unicode char U+00C7 (decimal 199)
   defining Unicode char U+00C8 (decimal 200)
   defining Unicode char U+00C9 (decimal 201)
   defining Unicode char U+00CA (decimal 202)
   defining Unicode char U+00CB (decimal 203)
   defining Unicode char U+00CC (decimal 204)
   defining Unicode char U+00CD (decimal 205)
   defining Unicode char U+00CE (decimal 206)
   defining Unicode char U+00CF (decimal 207)
   defining Unicode char U+00D0 (decimal 208)
   defining Unicode char U+00D1 (decimal 209)
   defining Unicode char U+00D2 (decimal 210)
   defining Unicode char U+00D3 (decimal 211)
   defining Unicode char U+00D4 (decimal 212)
   defining Unicode char U+00D5 (decimal 213)
   defining Unicode char U+00D6 (decimal 214)
   defining Unicode char U+00D8 (decimal 216)
   defining Unicode char U+00D9 (decimal 217)
   defining Unicode char U+00DA (decimal 218)
   defining Unicode char U+00DB (decimal 219)
   defining Unicode char U+00DC (decimal 220)
   defining Unicode char U+00DD (decimal 221)
   defining Unicode char U+00DE (decimal 222)
   defining Unicode char U+00DF (decimal 223)
   defining Unicode char U+00E0 (decimal 224)
   defining Unicode char U+00E1 (decimal 225)
   defining Unicode char U+00E2 (decimal 226)
   defining Unicode char U+00E3 (decimal 227)
   defining Unicode char U+00E4 (decimal 228)
   defining Unicode char U+00E5 (decimal 229)
   defining Unicode char U+00E6 (decimal 230)
   defining Unicode char U+00E7 (decimal 231)
   defining Unicode char U+00E8 (decimal 232)
   defining Unicode char U+00E9 (decimal 233)
   defining Unicode char U+00EA (decimal 234)
   defining Unicode char U+00EB (decimal 235)
   defining Unicode char U+00EC (decimal 236)
   defining Unicode char U+00ED (decimal 237)
   defining Unicode char U+00EE (decimal 238)
   defining Unicode char U+00EF (decimal 239)
   defining Unicode char U+00F0 (decimal 240)
   defining Unicode char U+00F1 (decimal 241)
   defining Unicode char U+00F2 (decimal 242)
   defining Unicode char U+00F3 (decimal 243)
   defining Unicode char U+00F4 (decimal 244)
   defining Unicode char U+00F5 (decimal 245)
   defining Unicode char U+00F6 (decimal 246)
   defining Unicode char U+00F8 (decimal 248)
   defining Unicode char U+00F9 (decimal 249)
   defining Unicode char U+00FA (decimal 250)
   defining Unicode char U+00FB (decimal 251)
   defining Unicode char U+00FC (decimal 252)
   defining Unicode char U+00FD (decimal 253)
   defining Unicode char U+00FE (decimal 254)
   defining Unicode char U+00FF (decimal 255)
   defining Unicode char U+0102 (decimal 258)
   defining Unicode char U+0103 (decimal 259)
   defining Unicode char U+0104 (decimal 260)
   defining Unicode char U+0105 (decimal 261)
   defining Unicode char U+0106 (decimal 262)
   defining Unicode char U+0107 (decimal 263)
   defining Unicode char U+010C (decimal 268)
   defining Unicode char U+010D (decimal 269)
   defining Unicode char U+010E (decimal 270)
   defining Unicode char U+010F (decimal 271)
   defining Unicode char U+0110 (decimal 272)
   defining Unicode char U+0111 (decimal 273)
   defining Unicode char U+0118 (decimal 280)
   defining Unicode char U+0119 (decimal 281)
   defining Unicode char U+011A (decimal 282)
   defining Unicode char U+011B (decimal 283)
   defining Unicode char U+011E (decimal 286)
   defining Unicode char U+011F (decimal 287)
   defining Unicode char U+0130 (decimal 304)
   defining Unicode char U+0131 (decimal 305)
   defining Unicode char U+0132 (decimal 306)
   defining Unicode char U+0133 (decimal 307)
   defining Unicode char U+0139 (decimal 313)
   defining Unicode char U+013A (decimal 314)
   defining Unicode char U+013D (decimal 317)
   defining Unicode char U+013E (decimal 318)
   defining Unicode char U+0141 (decimal 321)
   defining Unicode char U+0142 (decimal 322)
   defining Unicode char U+0143 (decimal 323)
   defining Unicode char U+0144 (decimal 324)
   defining Unicode char U+0147 (decimal 327)
   defining Unicode char U+0148 (decimal 328)
   defining Unicode char U+014A (decimal 330)
   defining Unicode char U+014B (decimal 331)
   defining Unicode char U+0150 (decimal 336)
   defining Unicode char U+0151 (decimal 337)
   defining Unicode char U+0152 (decimal 338)
   defining Unicode char U+0153 (decimal 339)
   defining Unicode char U+0154 (decimal 340)
   defining Unicode char U+0155 (decimal 341)
   defining Unicode char U+0158 (decimal 344)
   defining Unicode char U+0159 (decimal 345)
   defining Unicode char U+015A (decimal 346)
   defining Unicode char U+015B (decimal 347)
   defining Unicode char U+015E (decimal 350)
   defining Unicode char U+015F (decimal 351)
   defining Unicode char U+0160 (decimal 352)
   defining Unicode char U+0161 (decimal 353)
   defining Unicode char U+0162 (decimal 354)
   defining Unicode char U+0163 (decimal 355)
   defining Unicode char U+0164 (decimal 356)
   defining Unicode char U+0165 (decimal 357)
   defining Unicode char U+016E (decimal 366)
   defining Unicode char U+016F (decimal 367)
   defining Unicode char U+0170 (decimal 368)
   defining Unicode char U+0171 (decimal 369)
   defining Unicode char U+0178 (decimal 376)
   defining Unicode char U+0179 (decimal 377)
   defining Unicode char U+017A (decimal 378)
   defining Unicode char U+017B (decimal 379)
   defining Unicode char U+017C (decimal 380)
   defining Unicode char U+017D (decimal 381)
   defining Unicode char U+017E (decimal 382)
   defining Unicode char U+200C (decimal 8204)
   defining Unicode char U+2013 (decimal 8211)
   defining Unicode char U+2014 (decimal 8212)
   defining Unicode char U+2018 (decimal 8216)
   defining Unicode char U+2019 (decimal 8217)
   defining Unicode char U+201A (decimal 8218)
   defining Unicode char U+201C (decimal 8220)
   defining Unicode char U+201D (decimal 8221)
   defining Unicode char U+201E (decimal 8222)
   defining Unicode char U+2030 (decimal 8240)
   defining Unicode char U+2031 (decimal 8241)
   defining Unicode char U+2039 (decimal 8249)
   defining Unicode char U+203A (decimal 8250)
   defining Unicode char U+2423 (decimal 9251)
)
Now handling font encoding OT1 ...
... processing UTF-8 mapping file for font encoding OT1

(/usr/local/texlive/2015/texmf-dist/tex/latex/base/ot1enc.dfu
File: ot1enc.dfu 2014/09/29 v1.1m UTF-8 support for inputenc
   defining Unicode char U+00A1 (decimal 161)
   defining Unicode char U+00A3 (decimal 163)
   defining Unicode char U+00B8 (decimal 184)
   defining Unicode char U+00BF (decimal 191)
   defining Unicode char U+00C5 (decimal 197)
   defining Unicode char U+00C6 (decimal 198)
   defining Unicode char U+00D8 (decimal 216)
   defining Unicode char U+00DF (decimal 223)
   defining Unicode char U+00E6 (decimal 230)
   defining Unicode char U+00EC (decimal 236)
   defining Unicode char U+00ED (decimal 237)
   defining Unicode char U+00EE (decimal 238)
   defining Unicode char U+00EF (decimal 239)
   defining Unicode char U+00F8 (decimal 248)
   defining Unicode char U+0131 (decimal 305)
   defining Unicode char U+0141 (decimal 321)
   defining Unicode char U+0142 (decimal 322)
   defining Unicode char U+0152 (decimal 338)
   defining Unicode char U+0153 (decimal 339)
   defining Unicode char U+2013 (decimal 8211)
   defining Unicode char U+2014 (decimal 8212)
   defining Unicode char U+2018 (decimal 8216)
   defining Unicode char U+2019 (decimal 8217)
   defining Unicode char U+201C (decimal 8220)
   defining Unicode char U+201D (decimal 8221)
)
Now handling font encoding OMS ...
... processing UTF-8 mapping file for font encoding OMS

(/usr/local/texlive/2015/texmf-dist/tex/latex/base/omsenc.dfu
File: omsenc.dfu 2014/09/29 v1.1m UTF-8 support for inputenc
   defining Unicode char U+00A7 (decimal 167)
   defining Unicode char U+00B6 (decimal 182)
   defining Unicode char U+00B7 (decimal 183)
   defining Unicode char U+2020 (decimal 8224)
   defining Unicode char U+2021 (decimal 8225)
   defining Unicode char U+2022 (decimal 8226)
)
Now handling font encoding OMX ...
... no UTF-8 mapping file for font encoding OMX
Now handling font encoding U ...
... no UTF-8 mapping file for font encoding U
   defining Unicode char U+00A9 (decimal 169)
   defining Unicode char U+00AA (decimal 170)
   defining Unicode char U+00AE (decimal 174)
   defining Unicode char U+00BA (decimal 186)
   defining Unicode char U+02C6 (decimal 710)
   defining Unicode char U+02DC (decimal 732)
   defining Unicode char U+200C (decimal 8204)
   defining Unicode char U+2026 (decimal 8230)
   defining Unicode char U+2122 (decimal 8482)
   defining Unicode char U+2423 (decimal 9251)
))
(/usr/local/texlive/2015/texmf-dist/tex/latex/tools/verbatim.sty
Package: verbatim 2014/10/28 v1.5q LaTeX2e package for verbatim enhancements
\every@verbatim=\toks16
\verbatim@line=\toks17
\verbatim@in@stream=\read1
)
(/usr/local/texlive/2015/texmf-dist/tex/latex/base/makeidx.sty
Package: makeidx 2014/09/29 v1.0m Standard LaTeX package
)
(/usr/local/texlive/2015/texmf-dist/tex/latex/fancyhdr/fancyhdr.sty
\fancy@headwidth=\skip43
\f@ncyO@elh=\skip44
\f@ncyO@erh=\skip45
\f@ncyO@olh=\skip46
\f@ncyO@orh=\skip47
\f@ncyO@elf=\skip48
\f@ncyO@erf=\skip49
\f@ncyO@olf=\skip50
\f@ncyO@orf=\skip51
)
(/usr/local/texlive/2015/texmf-dist/tex/latex/base/fontenc.sty
Package: fontenc 2005/09/27 v1.99g Standard LaTeX package

(/usr/local/texlive/2015/texmf-dist/tex/latex/base/t1enc.def
File: t1enc.def 2005/09/27 v1.99g Standard LaTeX file
LaTeX Font Info:    Redeclaring font encoding T1 on input line 48.
))
(/usr/local/texlive/2015/texmf-dist/tex/latex/framed/framed.sty
Package: framed 2011/10/22 v 0.96: framed or shaded text with page breaks
\OuterFrameSep=\skip52
\fb@frw=\dimen104
\fb@frh=\dimen105
\FrameRule=\dimen106
\FrameSep=\dimen107
)
(/usr/local/texlive/2015/texmf-dist/tex/latex/lipsum/lipsum.sty
Package: lipsum 2014/07/27 v1.3 150 paragraphs of Lorem Ipsum dummy text
\c@lips@count=\count93
)
(/usr/local/texlive/2015/texmf-dist/tex/latex/graphics/color.sty
Package: color 2014/10/28 v1.1a Standard LaTeX Color (DPC)

(/usr/local/texlive/2015/texmf-dist/tex/latex/latexconfig/color.cfg
File: color.cfg 2007/01/18 v1.5 color configuration of teTeX/TeXLive
)
Package color Info: Driver file: pdftex.def on input line 142.

(/usr/local/texlive/2015/texmf-dist/tex/latex/pdftex-def/pdftex.def
File: pdftex.def 2011/05/27 v0.06d Graphics/color for pdfTeX

(/usr/local/texlive/2015/texmf-dist/tex/generic/oberdiek/infwarerr.sty
Package: infwarerr 2010/04/08 v1.3 Providing info/warning/error messages (HO)
)
(/usr/local/texlive/2015/texmf-dist/tex/generic/oberdiek/ltxcmds.sty
Package: ltxcmds 2011/11/09 v1.22 LaTeX kernel commands for general use (HO)
)
\Gread@gobject=\count94
)
(/usr/local/texlive/2015/texmf-dist/tex/latex/graphics/dvipsnam.def
File: dvipsnam.def 2014/10/14 v3.0j Driver-dependent file (DPC,SPQR)
))
(/usr/local/texlive/2015/texmf-dist/tex/latex/graphics/graphicx.sty
Package: graphicx 2014/10/28 v1.0g Enhanced LaTeX Graphics (DPC,SPQR)

(/usr/local/texlive/2015/texmf-dist/tex/latex/graphics/keyval.sty
Package: keyval 2014/10/28 v1.15 key=value parser (DPC)
\KV@toks@=\toks18
)
(/usr/local/texlive/2015/texmf-dist/tex/latex/graphics/graphics.sty
Package: graphics 2014/10/28 v1.0p Standard LaTeX Graphics (DPC,SPQR)

(/usr/local/texlive/2015/texmf-dist/tex/latex/graphics/trig.sty
Package: trig 1999/03/16 v1.09 sin cos tan (DPC)
)
(/usr/local/texlive/2015/texmf-dist/tex/latex/latexconfig/graphics.cfg
File: graphics.cfg 2010/04/23 v1.9 graphics configuration of TeX Live
)
Package graphics Info: Driver file: pdftex.def on input line 94.
)
\Gin@req@height=\dimen108
\Gin@req@width=\dimen109
)
(/usr/local/texlive/2015/texmf-dist/tex/latex/fancyvrb/fancyvrb.sty
Package: fancyvrb 2008/02/07

Style option: `fancyvrb' v2.7a, with DG/SPQR fixes, and firstline=lastline fix 
<2008/02/07> (tvz)
\FV@CodeLineNo=\count95
\FV@InFile=\read2
\FV@TabBox=\box26
\c@FancyVerbLine=\count96
\FV@StepNumber=\count97
\FV@OutFile=\write3
)
(/usr/local/texlive/2015/texmf-dist/tex/latex/amsmath/amsmath.sty
Package: amsmath 2013/01/14 v2.14 AMS math features
\@mathmargin=\skip53

For additional information on amsmath, use the `?' option.
(/usr/local/texlive/2015/texmf-dist/tex/latex/amsmath/amstext.sty
Package: amstext 2000/06/29 v2.01

(/usr/local/texlive/2015/texmf-dist/tex/latex/amsmath/amsgen.sty
File: amsgen.sty 1999/11/30 v2.0
\@emptytoks=\toks19
\ex@=\dimen110
))
(/usr/local/texlive/2015/texmf-dist/tex/latex/amsmath/amsbsy.sty
Package: amsbsy 1999/11/29 v1.2d
\pmbraise@=\dimen111
)
(/usr/local/texlive/2015/texmf-dist/tex/latex/amsmath/amsopn.sty
Package: amsopn 1999/12/14 v2.01 operator names
)
\inf@bad=\count98
LaTeX Info: Redefining \frac on input line 210.
\uproot@=\count99
\leftroot@=\count100
LaTeX Info: Redefining \overline on input line 306.
\classnum@=\count101
\DOTSCASE@=\count102
LaTeX Info: Redefining \ldots on input line 378.
LaTeX Info: Redefining \dots on input line 381.
LaTeX Info: Redefining \cdots on input line 466.
\Mathstrutbox@=\box27
\strutbox@=\box28
\big@size=\dimen112
LaTeX Font Info:    Redeclaring font encoding OML on input line 566.
LaTeX Font Info:    Redeclaring font encoding OMS on input line 567.
\macc@depth=\count103
\c@MaxMatrixCols=\count104
\dotsspace@=\muskip10
\c@parentequation=\count105
\dspbrk@lvl=\count106
\tag@help=\toks20
\row@=\count107
\column@=\count108
\maxfields@=\count109
\andhelp@=\toks21
\eqnshift@=\dimen113
\alignsep@=\dimen114
\tagshift@=\dimen115
\tagwidth@=\dimen116
\totwidth@=\dimen117
\lineht@=\dimen118
\@envbody=\toks22
\multlinegap=\skip54
\multlinetaggap=\skip55
\mathdisplay@stack=\toks23
LaTeX Info: Redefining \[ on input line 2665.
LaTeX Info: Redefining \] on input line 2666.
)
(/Users/mauriziorinaldi/Library/texmf/tex/latex/Sweave/Sweave.sty
Package: Sweave 

(/usr/local/texlive/2015/texmf-dist/tex/latex/base/ifthen.sty
Package: ifthen 2014/09/29 v1.1c Standard LaTeX ifthen package (DPC)
)
(/usr/local/texlive/2015/texmf-dist/tex/latex/upquote/upquote.sty
Package: upquote 2012/04/19 v1.3 upright-quote and grave-accent glyphs in verba
tim

(/usr/local/texlive/2015/texmf-dist/tex/latex/base/textcomp.sty
Package: textcomp 2005/09/27 v1.99g Standard LaTeX package
Package textcomp Info: Sub-encoding information:
(textcomp)               5 = only ISO-Adobe without \textcurrency
(textcomp)               4 = 5 + \texteuro
(textcomp)               3 = 4 + \textohm
(textcomp)               2 = 3 + \textestimated + \textcurrency
(textcomp)               1 = TS1 - \textcircled - \t
(textcomp)               0 = TS1 (full)
(textcomp)             Font families with sub-encoding setting implement
(textcomp)             only a restricted character set as indicated.
(textcomp)             Family '?' is the default used for unknown fonts.
(textcomp)             See the documentation for details.
Package textcomp Info: Setting ? sub-encoding to TS1/1 on input line 79.

(/usr/local/texlive/2015/texmf-dist/tex/latex/base/ts1enc.def
File: ts1enc.def 2001/06/05 v3.0e (jk/car/fm) Standard LaTeX file
Now handling font encoding TS1 ...
... processing UTF-8 mapping file for font encoding TS1

(/usr/local/texlive/2015/texmf-dist/tex/latex/base/ts1enc.dfu
File: ts1enc.dfu 2014/09/29 v1.1m UTF-8 support for inputenc
   defining Unicode char U+00A2 (decimal 162)
   defining Unicode char U+00A3 (decimal 163)
   defining Unicode char U+00A4 (decimal 164)
   defining Unicode char U+00A5 (decimal 165)
   defining Unicode char U+00A6 (decimal 166)
   defining Unicode char U+00A7 (decimal 167)
   defining Unicode char U+00A8 (decimal 168)
   defining Unicode char U+00A9 (decimal 169)
   defining Unicode char U+00AA (decimal 170)
   defining Unicode char U+00AC (decimal 172)
   defining Unicode char U+00AE (decimal 174)
   defining Unicode char U+00AF (decimal 175)
   defining Unicode char U+00B0 (decimal 176)
   defining Unicode char U+00B1 (decimal 177)
   defining Unicode char U+00B2 (decimal 178)
   defining Unicode char U+00B3 (decimal 179)
   defining Unicode char U+00B4 (decimal 180)
   defining Unicode char U+00B5 (decimal 181)
   defining Unicode char U+00B6 (decimal 182)
   defining Unicode char U+00B7 (decimal 183)
   defining Unicode char U+00B9 (decimal 185)
   defining Unicode char U+00BA (decimal 186)
   defining Unicode char U+00BC (decimal 188)
   defining Unicode char U+00BD (decimal 189)
   defining Unicode char U+00BE (decimal 190)
   defining Unicode char U+00D7 (decimal 215)
   defining Unicode char U+00F7 (decimal 247)
   defining Unicode char U+0192 (decimal 402)
   defining Unicode char U+02C7 (decimal 711)
   defining Unicode char U+02D8 (decimal 728)
   defining Unicode char U+02DD (decimal 733)
   defining Unicode char U+0E3F (decimal 3647)
   defining Unicode char U+2016 (decimal 8214)
   defining Unicode char U+2020 (decimal 8224)
   defining Unicode char U+2021 (decimal 8225)
   defining Unicode char U+2022 (decimal 8226)
   defining Unicode char U+2030 (decimal 8240)
   defining Unicode char U+2031 (decimal 8241)
   defining Unicode char U+203B (decimal 8251)
   defining Unicode char U+203D (decimal 8253)
   defining Unicode char U+2044 (decimal 8260)
   defining Unicode char U+204E (decimal 8270)
   defining Unicode char U+2052 (decimal 8274)
   defining Unicode char U+20A1 (decimal 8353)
   defining Unicode char U+20A4 (decimal 8356)
   defining Unicode char U+20A6 (decimal 8358)
   defining Unicode char U+20A9 (decimal 8361)
   defining Unicode char U+20AB (decimal 8363)
   defining Unicode char U+20AC (decimal 8364)
   defining Unicode char U+20B1 (decimal 8369)
   defining Unicode char U+2103 (decimal 8451)
   defining Unicode char U+2116 (decimal 8470)
   defining Unicode char U+2117 (decimal 8471)
   defining Unicode char U+211E (decimal 8478)
   defining Unicode char U+2120 (decimal 8480)
   defining Unicode char U+2122 (decimal 8482)
   defining Unicode char U+2126 (decimal 8486)
   defining Unicode char U+2127 (decimal 8487)
   defining Unicode char U+212E (decimal 8494)
   defining Unicode char U+2190 (decimal 8592)
   defining Unicode char U+2191 (decimal 8593)
   defining Unicode char U+2192 (decimal 8594)
   defining Unicode char U+2193 (decimal 8595)
   defining Unicode char U+2329 (decimal 9001)
   defining Unicode char U+232A (decimal 9002)
   defining Unicode char U+2422 (decimal 9250)
   defining Unicode char U+25E6 (decimal 9702)
   defining Unicode char U+25EF (decimal 9711)
   defining Unicode char U+266A (decimal 9834)
))
LaTeX Info: Redefining \oldstylenums on input line 334.
Package textcomp Info: Setting cmr sub-encoding to TS1/0 on input line 349.
Package textcomp Info: Setting cmss sub-encoding to TS1/0 on input line 350.
Package textcomp Info: Setting cmtt sub-encoding to TS1/0 on input line 351.
Package textcomp Info: Setting cmvtt sub-encoding to TS1/0 on input line 352.
Package textcomp Info: Setting cmbr sub-encoding to TS1/0 on input line 353.
Package textcomp Info: Setting cmtl sub-encoding to TS1/0 on input line 354.
Package textcomp Info: Setting ccr sub-encoding to TS1/0 on input line 355.
Package textcomp Info: Setting ptm sub-encoding to TS1/4 on input line 356.
Package textcomp Info: Setting pcr sub-encoding to TS1/4 on input line 357.
Package textcomp Info: Setting phv sub-encoding to TS1/4 on input line 358.
Package textcomp Info: Setting ppl sub-encoding to TS1/3 on input line 359.
Package textcomp Info: Setting pag sub-encoding to TS1/4 on input line 360.
Package textcomp Info: Setting pbk sub-encoding to TS1/4 on input line 361.
Package textcomp Info: Setting pnc sub-encoding to TS1/4 on input line 362.
Package textcomp Info: Setting pzc sub-encoding to TS1/4 on input line 363.
Package textcomp Info: Setting bch sub-encoding to TS1/4 on input line 364.
Package textcomp Info: Setting put sub-encoding to TS1/5 on input line 365.
Package textcomp Info: Setting uag sub-encoding to TS1/5 on input line 366.
Package textcomp Info: Setting ugq sub-encoding to TS1/5 on input line 367.
Package textcomp Info: Setting ul8 sub-encoding to TS1/4 on input line 368.
Package textcomp Info: Setting ul9 sub-encoding to TS1/4 on input line 369.
Package textcomp Info: Setting augie sub-encoding to TS1/5 on input line 370.
Package textcomp Info: Setting dayrom sub-encoding to TS1/3 on input line 371.
Package textcomp Info: Setting dayroms sub-encoding to TS1/3 on input line 372.

Package textcomp Info: Setting pxr sub-encoding to TS1/0 on input line 373.
Package textcomp Info: Setting pxss sub-encoding to TS1/0 on input line 374.
Package textcomp Info: Setting pxtt sub-encoding to TS1/0 on input line 375.
Package textcomp Info: Setting txr sub-encoding to TS1/0 on input line 376.
Package textcomp Info: Setting txss sub-encoding to TS1/0 on input line 377.
Package textcomp Info: Setting txtt sub-encoding to TS1/0 on input line 378.
Package textcomp Info: Setting lmr sub-encoding to TS1/0 on input line 379.
Package textcomp Info: Setting lmdh sub-encoding to TS1/0 on input line 380.
Package textcomp Info: Setting lmss sub-encoding to TS1/0 on input line 381.
Package textcomp Info: Setting lmssq sub-encoding to TS1/0 on input line 382.
Package textcomp Info: Setting lmvtt sub-encoding to TS1/0 on input line 383.
Package textcomp Info: Setting lmtt sub-encoding to TS1/0 on input line 384.
Package textcomp Info: Setting qhv sub-encoding to TS1/0 on input line 385.
Package textcomp Info: Setting qag sub-encoding to TS1/0 on input line 386.
Package textcomp Info: Setting qbk sub-encoding to TS1/0 on input line 387.
Package textcomp Info: Setting qcr sub-encoding to TS1/0 on input line 388.
Package textcomp Info: Setting qcs sub-encoding to TS1/0 on input line 389.
Package textcomp Info: Setting qpl sub-encoding to TS1/0 on input line 390.
Package textcomp Info: Setting qtm sub-encoding to TS1/0 on input line 391.
Package textcomp Info: Setting qzc sub-encoding to TS1/0 on input line 392.
Package textcomp Info: Setting qhvc sub-encoding to TS1/0 on input line 393.
Package textcomp Info: Setting futs sub-encoding to TS1/4 on input line 394.
Package textcomp Info: Setting futx sub-encoding to TS1/4 on input line 395.
Package textcomp Info: Setting futj sub-encoding to TS1/4 on input line 396.
Package textcomp Info: Setting hlh sub-encoding to TS1/3 on input line 397.
Package textcomp Info: Setting hls sub-encoding to TS1/3 on input line 398.
Package textcomp Info: Setting hlst sub-encoding to TS1/3 on input line 399.
Package textcomp Info: Setting hlct sub-encoding to TS1/5 on input line 400.
Package textcomp Info: Setting hlx sub-encoding to TS1/5 on input line 401.
Package textcomp Info: Setting hlce sub-encoding to TS1/5 on input line 402.
Package textcomp Info: Setting hlcn sub-encoding to TS1/5 on input line 403.
Package textcomp Info: Setting hlcw sub-encoding to TS1/5 on input line 404.
Package textcomp Info: Setting hlcf sub-encoding to TS1/5 on input line 405.
Package textcomp Info: Setting pplx sub-encoding to TS1/3 on input line 406.
Package textcomp Info: Setting pplj sub-encoding to TS1/3 on input line 407.
Package textcomp Info: Setting ptmx sub-encoding to TS1/4 on input line 408.
Package textcomp Info: Setting ptmj sub-encoding to TS1/4 on input line 409.
))
(/usr/local/texlive/2015/texmf-dist/tex/latex/base/fontenc.sty
Package: fontenc 2005/09/27 v1.99g Standard LaTeX package

(/usr/local/texlive/2015/texmf-dist/tex/latex/base/t1enc.def
File: t1enc.def 2005/09/27 v1.99g Standard LaTeX file
LaTeX Font Info:    Redeclaring font encoding T1 on input line 48.
))
(/usr/local/texlive/2015/texmf-dist/tex/latex/ae/ae.sty
Package: ae 2001/02/12 1.3 Almost European Computer Modern

(/usr/local/texlive/2015/texmf-dist/tex/latex/base/fontenc.sty
Package: fontenc 2005/09/27 v1.99g Standard LaTeX package

(/usr/local/texlive/2015/texmf-dist/tex/latex/base/t1enc.def
File: t1enc.def 2005/09/27 v1.99g Standard LaTeX file
LaTeX Font Info:    Redeclaring font encoding T1 on input line 48.
)
LaTeX Font Info:    Try loading font information for T1+aer on input line 105.

(/usr/local/texlive/2015/texmf-dist/tex/latex/ae/t1aer.fd
File: t1aer.fd 1997/11/16 Font definitions for T1/aer.
))))
(/usr/local/texlive/2015/texmf-dist/tex/latex/hyperref/hyperref.sty
Package: hyperref 2012/11/06 v6.83m Hypertext links for LaTeX

(/usr/local/texlive/2015/texmf-dist/tex/generic/oberdiek/hobsub-hyperref.sty
Package: hobsub-hyperref 2012/05/28 v1.13 Bundle oberdiek, subset hyperref (HO)


(/usr/local/texlive/2015/texmf-dist/tex/generic/oberdiek/hobsub-generic.sty
Package: hobsub-generic 2012/05/28 v1.13 Bundle oberdiek, subset generic (HO)
Package: hobsub 2012/05/28 v1.13 Construct package bundles (HO)
Package hobsub Info: Skipping package `infwarerr' (already loaded).
Package hobsub Info: Skipping package `ltxcmds' (already loaded).
Package: ifluatex 2010/03/01 v1.3 Provides the ifluatex switch (HO)
Package ifluatex Info: LuaTeX not detected.
Package: ifvtex 2010/03/01 v1.5 Detect VTeX and its facilities (HO)
Package ifvtex Info: VTeX not detected.
Package: intcalc 2007/09/27 v1.1 Expandable calculations with integers (HO)
Package: ifpdf 2011/01/30 v2.3 Provides the ifpdf switch (HO)
Package ifpdf Info: pdfTeX in PDF mode is detected.
Package: etexcmds 2011/02/16 v1.5 Avoid name clashes with e-TeX commands (HO)
Package etexcmds Info: Could not find \expanded.
(etexcmds)             That can mean that you are not using pdfTeX 1.50 or
(etexcmds)             that some package has redefined \expanded.
(etexcmds)             In the latter case, load this package earlier.
Package: kvsetkeys 2012/04/25 v1.16 Key value parser (HO)
Package: kvdefinekeys 2011/04/07 v1.3 Define keys (HO)
Package: pdftexcmds 2011/11/29 v0.20 Utility functions of pdfTeX for LuaTeX (HO
)
Package pdftexcmds Info: LuaTeX not detected.
Package pdftexcmds Info: \pdf@primitive is available.
Package pdftexcmds Info: \pdf@ifprimitive is available.
Package pdftexcmds Info: \pdfdraftmode found.
Package: pdfescape 2011/11/25 v1.13 Implements pdfTeX's escape features (HO)
Package: bigintcalc 2012/04/08 v1.3 Expandable calculations on big integers (HO
)
Package: bitset 2011/01/30 v1.1 Handle bit-vector datatype (HO)
Package: uniquecounter 2011/01/30 v1.2 Provide unlimited unique counter (HO)
)
Package hobsub Info: Skipping package `hobsub' (already loaded).
Package: letltxmacro 2010/09/02 v1.4 Let assignment for LaTeX macros (HO)
Package: hopatch 2012/05/28 v1.2 Wrapper for package hooks (HO)
Package: xcolor-patch 2011/01/30 xcolor patch
Package: atveryend 2011/06/30 v1.8 Hooks at the very end of document (HO)
Package: atbegshi 2011/10/05 v1.16 At begin shipout hook (HO)
Package: refcount 2011/10/16 v3.4 Data extraction from label references (HO)
Package: hycolor 2011/01/30 v1.7 Color options for hyperref/bookmark (HO)
)
(/usr/local/texlive/2015/texmf-dist/tex/generic/ifxetex/ifxetex.sty
Package: ifxetex 2010/09/12 v0.6 Provides ifxetex conditional
)
(/usr/local/texlive/2015/texmf-dist/tex/latex/oberdiek/auxhook.sty
Package: auxhook 2011/03/04 v1.3 Hooks for auxiliary files (HO)
)
(/usr/local/texlive/2015/texmf-dist/tex/latex/oberdiek/kvoptions.sty
Package: kvoptions 2011/06/30 v3.11 Key value format for package options (HO)
)
\@linkdim=\dimen119
\Hy@linkcounter=\count110
\Hy@pagecounter=\count111

(/usr/local/texlive/2015/texmf-dist/tex/latex/hyperref/pd1enc.def
File: pd1enc.def 2012/11/06 v6.83m Hyperref: PDFDocEncoding definition (HO)
Now handling font encoding PD1 ...
... no UTF-8 mapping file for font encoding PD1
)
\Hy@SavedSpaceFactor=\count112

(/usr/local/texlive/2015/texmf-dist/tex/latex/latexconfig/hyperref.cfg
File: hyperref.cfg 2002/06/06 v1.2 hyperref configuration of TeXLive
)
Package hyperref Info: Hyper figures OFF on input line 4443.
Package hyperref Info: Link nesting OFF on input line 4448.
Package hyperref Info: Hyper index ON on input line 4451.
Package hyperref Info: Plain pages OFF on input line 4458.
Package hyperref Info: Backreferencing OFF on input line 4463.
Package hyperref Info: Implicit mode ON; LaTeX internals redefined.
Package hyperref Info: Bookmarks ON on input line 4688.
\c@Hy@tempcnt=\count113

(/usr/local/texlive/2015/texmf-dist/tex/latex/url/url.sty
\Urlmuskip=\muskip11
Package: url 2013/09/16  ver 3.4  Verb mode for urls, etc.
)
LaTeX Info: Redefining \url on input line 5041.
\XeTeXLinkMargin=\dimen120
\Fld@menulength=\count114
\Field@Width=\dimen121
\Fld@charsize=\dimen122
Package hyperref Info: Hyper figures OFF on input line 6295.
Package hyperref Info: Link nesting OFF on input line 6300.
Package hyperref Info: Hyper index ON on input line 6303.
Package hyperref Info: backreferencing OFF on input line 6310.
Package hyperref Info: Link coloring OFF on input line 6315.
Package hyperref Info: Link coloring with OCG OFF on input line 6320.
Package hyperref Info: PDF/A mode OFF on input line 6325.
LaTeX Info: Redefining \ref on input line 6365.
LaTeX Info: Redefining \pageref on input line 6369.
\Hy@abspage=\count115
\c@Item=\count116
\c@Hfootnote=\count117
)

Package hyperref Message: Driver (autodetected): hpdftex.

(/usr/local/texlive/2015/texmf-dist/tex/latex/hyperref/hpdftex.def
File: hpdftex.def 2012/11/06 v6.83m Hyperref driver for pdfTeX
\Fld@listcount=\count118
\c@bookmark@seq@number=\count119

(/usr/local/texlive/2015/texmf-dist/tex/latex/oberdiek/rerunfilecheck.sty
Package: rerunfilecheck 2011/04/15 v1.7 Rerun checks for auxiliary files (HO)
Package uniquecounter Info: New unique counter `rerunfilecheck' on input line 2
82.
)
\Hy@SectionHShift=\skip56
)
(/usr/local/texlive/2015/texmf-dist/tex/latex/wrapfig/wrapfig.sty
\wrapoverhang=\dimen123
\WF@size=\dimen124
\c@WF@wrappedlines=\count120
\WF@box=\box29
\WF@everypar=\toks24
Package: wrapfig 2003/01/31  v 3.6
)
\c@fnotes=\count121
\c@Raction=\count122
\@indexfile=\write4
\openout4 = `statisticaconR.idx'.


Writing index file statisticaconR.idx
No file statisticaconR.aux.
\openout1 = `statisticaconR.aux'.

LaTeX Font Info:    Checking defaults for OML/cmm/m/it on input line 56.
LaTeX Font Info:    ... okay on input line 56.
LaTeX Font Info:    Checking defaults for T1/cmr/m/n on input line 56.
LaTeX Font Info:    ... okay on input line 56.
LaTeX Font Info:    Checking defaults for OT1/cmr/m/n on input line 56.
LaTeX Font Info:    ... okay on input line 56.
LaTeX Font Info:    Checking defaults for OMS/cmsy/m/n on input line 56.
LaTeX Font Info:    ... okay on input line 56.
LaTeX Font Info:    Checking defaults for OMX/cmex/m/n on input line 56.
LaTeX Font Info:    ... okay on input line 56.
LaTeX Font Info:    Checking defaults for U/cmr/m/n on input line 56.
LaTeX Font Info:    ... okay on input line 56.
LaTeX Font Info:    Checking defaults for TS1/cmr/m/n on input line 56.
LaTeX Font Info:    Try loading font information for TS1+cmr on input line 56.
(/usr/local/texlive/2015/texmf-dist/tex/latex/base/ts1cmr.fd
File: ts1cmr.fd 2014/09/29 v2.5h Standard LaTeX font definitions
)
LaTeX Font Info:    ... okay on input line 56.
LaTeX Font Info:    Checking defaults for PD1/pdf/m/n on input line 56.
LaTeX Font Info:    ... okay on input line 56.
LaTeX Info: Redefining \it@ocap on input line 56.
LaTeX Info: Redefining \it@ccap on input line 56.


File italian.ldf warning: 
italian.ldf    The AE font collection does not contain the guillemets 
italian.ldf    Use the Latin Modern font collection instead 
italian.ldf   on input line 56.

(/usr/local/texlive/2015/texmf-dist/tex/context/base/supp-pdf.mkii
[Loading MPS to PDF converter (version 2006.09.02).]
\scratchcounter=\count123
\scratchdimen=\dimen125
\scratchbox=\box30
\nofMPsegments=\count124
\nofMParguments=\count125
\everyMPshowfont=\toks25
\MPscratchCnt=\count126
\MPscratchDim=\dimen126
\MPnumerator=\count127
\makeMPintoPDFobject=\count128
\everyMPtoPDFconversion=\toks26
) (/usr/local/texlive/2015/texmf-dist/tex/latex/oberdiek/epstopdf-base.sty
Package: epstopdf-base 2010/02/09 v2.5 Base part for package epstopdf

(/usr/local/texlive/2015/texmf-dist/tex/latex/oberdiek/grfext.sty
Package: grfext 2010/08/19 v1.1 Manage graphics extensions (HO)
)
Package grfext Info: Graphics extension search list:
(grfext)             [.png,.pdf,.jpg,.mps,.jpeg,.jbig2,.jb2,.PNG,.PDF,.JPG,.JPE
G,.JBIG2,.JB2,.eps]
(grfext)             \AppendGraphicsExtensions on input line 452.

(/usr/local/texlive/2015/texmf-dist/tex/latex/latexconfig/epstopdf-sys.cfg
File: epstopdf-sys.cfg 2010/07/13 v1.3 Configuration of (r)epstopdf for TeX Liv
e
))
\AtBeginShipoutBox=\box31
Package hyperref Info: Link coloring OFF on input line 56.

(/usr/local/texlive/2015/texmf-dist/tex/latex/hyperref/nameref.sty
Package: nameref 2012/10/27 v2.43 Cross-referencing by name of section

(/usr/local/texlive/2015/texmf-dist/tex/generic/oberdiek/gettitlestring.sty
Package: gettitlestring 2010/12/03 v1.4 Cleanup title references (HO)
)
\c@section@level=\count129
)
LaTeX Info: Redefining \ref on input line 56.
LaTeX Info: Redefining \pageref on input line 56.
LaTeX Info: Redefining \nameref on input line 56.
\@outlinefile=\write5
\openout5 = `statisticaconR.out'.


(./statisticaconR-concordance.tex)
LaTeX Font Info:    Try loading font information for T1+aess on input line 63.

(/usr/local/texlive/2015/texmf-dist/tex/latex/ae/t1aess.fd
File: t1aess.fd 1997/11/16 Font definitions for T1/aess.
) [1



{/usr/local/texlive/2015/texmf-var/fonts/map/pdftex/updmap/pdftex.map}] [2

]

Package hyperref Warning: old toc file detected, not used; run LaTeX again.

\tf@toc=\write6
\openout6 = `statisticaconR.toc'.

[3] [4

]
LaTeX Font Info:    Try loading font information for T1+aett on input line 77.
 (/usr/local/texlive/2015/texmf-dist/tex/latex/ae/t1aett.fd
File: t1aett.fd 1997/11/16 Font definitions for T1/aett.
)
Underfull \hbox (badness 10000) in paragraph at lines 75--79

 []


Package Fancyhdr Warning: \headheight is too small (12.0pt): 
 Make it at least 13.59999pt.
 We now make it that large for the rest of the document.
 This may cause the page layout to be inconsistent, however.

[1] [2

]
Capitolo 1.
<../grafici/Tastisugiu.png, id=41, 81.30376pt x 56.21pt>
File: ../grafici/Tastisugiu.png Graphic file (type png)

<use ../grafici/Tastisugiu.png>
Package pdftex.def Info: ../grafici/Tastisugiu.png used on input line 109.
(pdftex.def)             Requested size: 56.90726pt x 56.908pt.

Underfull \hbox (badness 10000) in paragraph at lines 106--112

 []

[3]
LaTeX Font Info:    Try loading font information for TS1+aett on input line 129
.

(/Users/mauriziorinaldi/Library/texmf/tex/latex/Sweave/texmf/tex/latex/ts1aett.
fd
File: ts1aett.fd 
)
LaTeX Font Info:    Try loading font information for TS1+cmtt on input line 129
.
 (/usr/local/texlive/2015/texmf-dist/tex/latex/base/ts1cmtt.fd
File: ts1cmtt.fd 2014/09/29 v2.5h Standard LaTeX font definitions
)
LaTeX Font Info:    Font shape `TS1/aett/m/n' in size <10.95> not available
(Font)              Font shape `TS1/cmtt/m/n' tried instead on input line 129.
 [4 <../grafici/Tastisugiu.png>]

LaTeX Warning: Reference `editor' on page 5 undefined on input line 146.


./statisticaconR.tex:147: LaTeX Error: Unknown float option `d'.

See the LaTeX manual or LaTeX Companion for explanation.
Type  H <return>  for immediate help.
 ...                                              
                                                  
l.147 \begin{table}[htdp]
                         
? 

Underfull \vbox (badness 6252) has occurred while \output is active []

 [5]
[6]
Capitolo 2.
[7

] [8]
LaTeX Font Info:    Try loading font information for TS1+aer on input line 295.


(/Users/mauriziorinaldi/Library/texmf/tex/latex/Sweave/texmf/tex/latex/ts1aer.f
d
File: ts1aer.fd 
)
LaTeX Font Info:    Font shape `TS1/aer/m/n' in size <10.95> not available
(Font)              Font shape `TS1/cmr/m/n' tried instead on input line 295.
 [9] [10]

LaTeX Font Warning: Font shape `T1/aett/bx/n' undefined
(Font)              using `T1/aett/m/n' instead on input line 434.


Package hyperref Warning: Token not allowed in a PDF string (PDFDocEncoding):
(hyperref)                removing `math shift' on input line 434.


Package hyperref Warning: Token not allowed in a PDF string (PDFDocEncoding):
(hyperref)                removing `math shift' on input line 434.


Package hyperref Warning: Token not allowed in a PDF string (PDFDocEncoding):
(hyperref)                removing `math shift' on input line 434.


Package hyperref Warning: Token not allowed in a PDF string (PDFDocEncoding):
(hyperref)                removing `math shift' on input line 434.


Overfull \hbox (10.9751pt too wide) in paragraph at lines 445--449
\T1/aer/m/n/10.95 ag-giun-ge-re un nu-me-ro al-la se-quen-za con il co-man-do: 
$[]\OT1/cmr/m/n/10.95 ([]\OML/cmm/m/it/10.95 ; []\OT1/cmr/m/n/10.95 )$\T1/aer/m
/n/10.95 .
 []

[11] [12]
Underfull \hbox (badness 10000) in paragraph at lines 559--560

 []

[13] [14] [15]
Overfull \hbox (25.13908pt too wide) in paragraph at lines 719--721
\T1/aer/m/n/10.95 Il co-man-do $[]$, con-sen-te di trac-cia-re il gra-fi-co di 
una fun-zio-ne; $[]\OT1/cmr/m/n/10.95 ([])$\T1/aer/m/n/10.95 ,
 []

[16]

LaTeX Warning: Reference `grafounox' on page 17 undefined on input line 738.

<statisticaconR-054.pdf, id=147, 433.62pt x 433.62pt>
File: statisticaconR-054.pdf Graphic file (type pdf)

<use statisticaconR-054.pdf>
Package pdftex.def Info: statisticaconR-054.pdf used on input line 741.
(pdftex.def)             Requested size: 288.0011pt x 288.01624pt.


LaTeX Warning: Reference `addF' on page 17 undefined on input line 753.

<statisticaconR-057.pdf, id=148, 433.62pt x 433.62pt>
File: statisticaconR-057.pdf Graphic file (type pdf)

<use statisticaconR-057.pdf>
Package pdftex.def Info: statisticaconR-057.pdf used on input line 756.
(pdftex.def)             Requested size: 288.0011pt x 288.01624pt.
 [17] [18 <./statisticaconR-054.pdf>] [19 <./statisticaconR-057.pdf>]

LaTeX Warning: Reference `finestra' on page 20 undefined on input line 773.

<statisticaconR-059.pdf, id=175, 433.62pt x 433.62pt>
File: statisticaconR-059.pdf Graphic file (type pdf)

<use statisticaconR-059.pdf>
Package pdftex.def Info: statisticaconR-059.pdf used on input line 776.
(pdftex.def)             Requested size: 288.0011pt x 288.01624pt.
 [20 <./statisticaconR-059.pdf>]

LaTeX Warning: Reference `colori' on page 21 undefined on input line 801.

<statisticaconR-061.pdf, id=186, 433.62pt x 433.62pt>
File: statisticaconR-061.pdf Graphic file (type pdf)

<use statisticaconR-061.pdf>
Package pdftex.def Info: statisticaconR-061.pdf used on input line 804.
(pdftex.def)             Requested size: 288.0011pt x 288.01624pt.


LaTeX Warning: Reference `spessore' on page 21 undefined on input line 821.

<statisticaconR-064.pdf, id=187, 433.62pt x 433.62pt>
File: statisticaconR-064.pdf Graphic file (type pdf)

<use statisticaconR-064.pdf>
Package pdftex.def Info: statisticaconR-064.pdf used on input line 824.
(pdftex.def)             Requested size: 288.0011pt x 288.01624pt.


LaTeX Warning: Reference `graficopunti' on page 21 undefined on input line 839.


<statisticaconR-068.pdf, id=188, 433.62pt x 433.62pt>
File: statisticaconR-068.pdf Graphic file (type pdf)

<use statisticaconR-068.pdf>
Package pdftex.def Info: statisticaconR-068.pdf used on input line 842.
(pdftex.def)             Requested size: 288.0011pt x 288.01624pt.
 [21] [22 <./statisticaconR-061.pdf>] [23 <./statisticaconR-064.pdf>] [24 <./st
atisticaconR-068.pdf>]

LaTeX Warning: Reference `assisb' on page 25 undefined on input line 872.

<statisticaconR-072.pdf, id=224, 433.62pt x 433.62pt>
File: statisticaconR-072.pdf Graphic file (type pdf)

<use statisticaconR-072.pdf>
Package pdftex.def Info: statisticaconR-072.pdf used on input line 875.
(pdftex.def)             Requested size: 288.0011pt x 288.01624pt.


LaTeX Warning: Reference `assisb2' on page 25 undefined on input line 888.

<statisticaconR-076.pdf, id=225, 433.62pt x 433.62pt>
File: statisticaconR-076.pdf Graphic file (type pdf)

<use statisticaconR-076.pdf>
Package pdftex.def Info: statisticaconR-076.pdf used on input line 891.
(pdftex.def)             Requested size: 288.0011pt x 288.01624pt.


LaTeX Warning: Reference `fig:noasint' on page 25 undefined on input line 897.

[25] [26 <./statisticaconR-072.pdf>] [27 <./statisticaconR-076.pdf>]
<statisticaconR-078.pdf, id=251, 433.62pt x 433.62pt>
File: statisticaconR-078.pdf Graphic file (type pdf)

<use statisticaconR-078.pdf>
Package pdftex.def Info: statisticaconR-078.pdf used on input line 913.
(pdftex.def)             Requested size: 288.0011pt x 288.01624pt.
 [28 <./statisticaconR-078.pdf>]
<statisticaconR-080.pdf, id=263, 433.62pt x 433.62pt>
File: statisticaconR-080.pdf Graphic file (type pdf)

<use statisticaconR-080.pdf>
Package pdftex.def Info: statisticaconR-080.pdf used on input line 936.
(pdftex.def)             Requested size: 288.0011pt x 288.01624pt.


LaTeX Warning: Reference `fig:lin3' on page 29 undefined on input line 946.

<statisticaconR-082.pdf, id=264, 433.62pt x 433.62pt>
File: statisticaconR-082.pdf Graphic file (type pdf)

<use statisticaconR-082.pdf>
Package pdftex.def Info: statisticaconR-082.pdf used on input line 949.
(pdftex.def)             Requested size: 288.0011pt x 288.01624pt.
 [29 <./statisticaconR-080.pdf>] [30 <./statisticaconR-082.pdf>]

LaTeX Warning: Reference `fig:linear2' on page 31 undefined on input line 961.

<statisticaconR-084.pdf, id=286, 433.62pt x 433.62pt>
File: statisticaconR-084.pdf Graphic file (type pdf)

<use statisticaconR-084.pdf>
Package pdftex.def Info: statisticaconR-084.pdf used on input line 963.
(pdftex.def)             Requested size: 288.0011pt x 288.01624pt.


LaTeX Warning: Reference `fig:linearizzazione4' on page 31 undefined on input l
ine 970.

<statisticaconR-085.pdf, id=287, 433.62pt x 433.62pt>
File: statisticaconR-085.pdf Graphic file (type pdf)

<use statisticaconR-085.pdf>
Package pdftex.def Info: statisticaconR-085.pdf used on input line 973.
(pdftex.def)             Requested size: 288.0011pt x 288.01624pt.


LaTeX Warning: `h' float specifier changed to `ht'.


Underfull \vbox (badness 10000) has occurred while \output is active []

 [31 <./statisticaconR-084.pdf>] [32 <./statisticaconR-085.pdf>]

LaTeX Warning: Reference `sincos' on page 33 undefined on input line 1016.

<statisticaconR-090.pdf, id=312, 433.62pt x 433.62pt>
File: statisticaconR-090.pdf Graphic file (type pdf)

<use statisticaconR-090.pdf>
Package pdftex.def Info: statisticaconR-090.pdf used on input line 1020.
(pdftex.def)             Requested size: 288.0011pt x 288.01624pt.

<statisticaconR-092.pdf, id=313, 433.62pt x 433.62pt>
File: statisticaconR-092.pdf Graphic file (type pdf)

<use statisticaconR-092.pdf>
Package pdftex.def Info: statisticaconR-092.pdf used on input line 1042.
(pdftex.def)             Requested size: 288.0011pt x 288.01624pt.

<statisticaconR-095.pdf, id=314, 433.62pt x 433.62pt>
File: statisticaconR-095.pdf Graphic file (type pdf)

<use statisticaconR-095.pdf>
Package pdftex.def Info: statisticaconR-095.pdf used on input line 1068.
(pdftex.def)             Requested size: 288.0011pt x 288.01624pt.
 [33] [34 <./statisticaconR-090.pdf>] [35 <./statisticaconR-092.pdf>] [36 <./st
atisticaconR-095.pdf>]
<statisticaconR-098.pdf, id=351, 433.62pt x 433.62pt>
File: statisticaconR-098.pdf Graphic file (type pdf)

<use statisticaconR-098.pdf>
Package pdftex.def Info: statisticaconR-098.pdf used on input line 1096.
(pdftex.def)             Requested size: 288.0011pt x 288.01624pt.
 [37] [38 <./statisticaconR-098.pdf>]
<statisticaconR-102.pdf, id=368, 433.62pt x 433.62pt>
File: statisticaconR-102.pdf Graphic file (type pdf)

<use statisticaconR-102.pdf>
Package pdftex.def Info: statisticaconR-102.pdf used on input line 1149.
(pdftex.def)             Requested size: 288.0011pt x 288.01624pt.
 [39 <./statisticaconR-102.pdf>]
<statisticaconR-104.pdf, id=380, 433.62pt x 433.62pt>
File: statisticaconR-104.pdf Graphic file (type pdf)

<use statisticaconR-104.pdf>
Package pdftex.def Info: statisticaconR-104.pdf used on input line 1172.
(pdftex.def)             Requested size: 288.0011pt x 288.01624pt.


LaTeX Warning: Reference `fig:newton' on page 40 undefined on input line 1178.

[40] [41 <./statisticaconR-104.pdf>] [42] [43] [44]
<statisticaconR-116.pdf, id=415, 433.62pt x 433.62pt>
File: statisticaconR-116.pdf Graphic file (type pdf)

<use statisticaconR-116.pdf>
Package pdftex.def Info: statisticaconR-116.pdf used on input line 1355.
(pdftex.def)             Requested size: 288.0011pt x 288.01624pt.
 [45 <./statisticaconR-116.pdf>]
<statisticaconR-120.pdf, id=428, 433.62pt x 433.62pt>
File: statisticaconR-120.pdf Graphic file (type pdf)

<use statisticaconR-120.pdf>
Package pdftex.def Info: statisticaconR-120.pdf used on input line 1430.
(pdftex.def)             Requested size: 288.0011pt x 288.01624pt.
 [46] [47 <./statisticaconR-120.pdf>]
<statisticaconR-122.pdf, id=444, 433.62pt x 433.62pt>
File: statisticaconR-122.pdf Graphic file (type pdf)

<use statisticaconR-122.pdf>
Package pdftex.def Info: statisticaconR-122.pdf used on input line 1456.
(pdftex.def)             Requested size: 288.0011pt x 288.01624pt.
 [48 <./statisticaconR-122.pdf>] [49] [50] [51]

LaTeX Warning: Citation `david' on page 52 undefined on input line 1656.

<../grafici/astragals.jpeg, id=471, 150.5625pt x 146.5475pt>
File: ../grafici/astragals.jpeg Graphic file (type jpg)

<use ../grafici/astragals.jpeg>
Package pdftex.def Info: ../grafici/astragals.jpeg used on input line 1663.
(pdftex.def)             Requested size: 170.71652pt x 166.18034pt.
 [52 <../grafici/astragals.jpeg>] [53] [54]
[55]

LaTeX Warning: Reference `datiist' on page 56 undefined on input line 1879.

<statisticaconR-155.pdf, id=493, 433.62pt x 433.62pt>
File: statisticaconR-155.pdf Graphic file (type pdf)

<use statisticaconR-155.pdf>
Package pdftex.def Info: statisticaconR-155.pdf used on input line 1882.
(pdftex.def)             Requested size: 288.0011pt x 288.01624pt.
 [56] [57 <./statisticaconR-155.pdf>] [58]
<statisticaconR-162.pdf, id=513, 433.62pt x 433.62pt>
File: statisticaconR-162.pdf Graphic file (type pdf)

<use statisticaconR-162.pdf>
Package pdftex.def Info: statisticaconR-162.pdf used on input line 1977.
(pdftex.def)             Requested size: 288.0011pt x 288.01624pt.


LaTeX Warning: Reference `fig:datiist' on page 59 undefined on input line 1982.



LaTeX Warning: Reference `fig:datiist' on page 59 undefined on input line 1982.



LaTeX Warning: Reference `fig:datiistmilano' on page 59 undefined on input line
 1992.


LaTeX Warning: Reference `fig:datiistmilano' on page 59 undefined on input line
 1992.

<statisticaconR-166.pdf, id=514, 433.62pt x 433.62pt>
File: statisticaconR-166.pdf Graphic file (type pdf)

<use statisticaconR-166.pdf>
Package pdftex.def Info: statisticaconR-166.pdf used on input line 2002.
(pdftex.def)             Requested size: 288.0011pt x 288.01624pt.
 [59] [60 <./statisticaconR-162.pdf>] [61 <./statisticaconR-166.pdf>]

LaTeX Warning: Reference `fig:boxplotdado' on page 62 undefined on input line 2
013.

<statisticaconR-167.pdf, id=543, 289.08pt x 289.08pt>
File: statisticaconR-167.pdf Graphic file (type pdf)

<use statisticaconR-167.pdf>
Package pdftex.def Info: statisticaconR-167.pdf used on input line 2021.
(pdftex.def)             Requested size: 288.0011pt x 288.01622pt.
 [62 <./statisticaconR-167.pdf>]

LaTeX Warning: Reference `fig:pie' on page 63 undefined on input line 2039.

<statisticaconR-169.pdf, id=556, 433.62pt x 433.62pt>
File: statisticaconR-169.pdf Graphic file (type pdf)

<use statisticaconR-169.pdf>
Package pdftex.def Info: statisticaconR-169.pdf used on input line 2042.
(pdftex.def)             Requested size: 288.0011pt x 288.01624pt.
 [63 <./statisticaconR-169.pdf>]
<statisticaconR-171.pdf, id=570, 433.62pt x 433.62pt>
File: statisticaconR-171.pdf Graphic file (type pdf)

<use statisticaconR-171.pdf>
Package pdftex.def Info: statisticaconR-171.pdf used on input line 2066.
(pdftex.def)             Requested size: 288.0011pt x 288.01624pt.
 [64] [65 <./statisticaconR-171.pdf>]

LaTeX Warning: Reference `fig:duerettex' on page 66 undefined on input line 211
8.

<statisticaconR-175.pdf, id=589, 433.62pt x 433.62pt>
File: statisticaconR-175.pdf Graphic file (type pdf)

<use statisticaconR-175.pdf>
Package pdftex.def Info: statisticaconR-175.pdf used on input line 2121.
(pdftex.def)             Requested size: 288.0011pt x 288.01624pt.
 [66 <./statisticaconR-175.pdf>] [67]

LaTeX Warning: Reference `fig:duemammals' on page 68 undefined on input line 22
06.

<statisticaconR-178.pdf, id=604, 433.62pt x 433.62pt>
File: statisticaconR-178.pdf Graphic file (type pdf)

<use statisticaconR-178.pdf>
Package pdftex.def Info: statisticaconR-178.pdf used on input line 2215.
(pdftex.def)             Requested size: 288.0011pt x 288.01624pt.

<statisticaconR-180.pdf, id=605, 433.62pt x 433.62pt>
File: statisticaconR-180.pdf Graphic file (type pdf)

<use statisticaconR-180.pdf>
Package pdftex.def Info: statisticaconR-180.pdf used on input line 2231.
(pdftex.def)             Requested size: 288.0011pt x 288.01624pt.
 [68] [69 <./statisticaconR-178.pdf>] [70 <./statisticaconR-180.pdf>]

LaTeX Warning: Reference `normalesta' on page 71 undefined on input line 2283.

[71] <statisticaconR-183.pdf, id=638, 433.62pt x 433.62pt>
File: statisticaconR-183.pdf Graphic file (type pdf)

<use statisticaconR-183.pdf>
Package pdftex.def Info: statisticaconR-183.pdf used on input line 2293.
(pdftex.def)             Requested size: 288.0011pt x 288.01624pt.
 [72 <./statisticaconR-183.pdf>]
Overfull \hbox (15.7883pt too wide) in paragraph at lines 2320--2323
[]\T1/aer/m/n/10.95 Per ot-te-ne-re il va-lo-re del-l'a-rea tra 0 e $\OML/cmm/m
/it/10.95 x$ \T1/aer/m/n/10.95 bi-so-gna al-lo-ra sot-trar-re \T1/aett/bx/n/10.
95 pnorm\T1/aer/m/n/10.95 (0)=0.5
 []

<statisticaconR-190.pdf, id=650, 433.62pt x 433.62pt>
File: statisticaconR-190.pdf Graphic file (type pdf)

<use statisticaconR-190.pdf>
Package pdftex.def Info: statisticaconR-190.pdf used on input line 2356.
(pdftex.def)             Requested size: 288.0011pt x 288.01624pt.
 [73] [74 <./statisticaconR-190.pdf>]

Package hyperref Warning: Token not allowed in a PDF string (PDFDocEncoding):
(hyperref)                removing `math shift' on input line 2373.


Package hyperref Warning: Token not allowed in a PDF string (PDFDocEncoding):
(hyperref)                removing `math shift' on input line 2373.


LaTeX Warning: Reference `fig:graficostudent1' on page 75 undefined on input li
ne 2388.

<statisticaconR-192.pdf, id=667, 433.62pt x 433.62pt>
File: statisticaconR-192.pdf Graphic file (type pdf)

<use statisticaconR-192.pdf>
Package pdftex.def Info: statisticaconR-192.pdf used on input line 2397.
(pdftex.def)             Requested size: 288.0011pt x 288.01624pt.


LaTeX Warning: Reference `fig:graficostudent' on page 75 undefined on input lin
e 2402.

<statisticaconR-193.pdf, id=668, 433.62pt x 433.62pt>
File: statisticaconR-193.pdf Graphic file (type pdf)

<use statisticaconR-193.pdf>
Package pdftex.def Info: statisticaconR-193.pdf used on input line 2414.
(pdftex.def)             Requested size: 288.0011pt x 288.01624pt.
 [75] [76 <./statisticaconR-192.pdf>] [77 <./statisticaconR-193.pdf>] [78] [79]


Package hyperref Warning: Token not allowed in a PDF string (PDFDocEncoding):
(hyperref)                removing `math shift' on input line 2528.


Package hyperref Warning: Token not allowed in a PDF string (PDFDocEncoding):
(hyperref)                removing `\chi' on input line 2528.


Package hyperref Warning: Token not allowed in a PDF string (PDFDocEncoding):
(hyperref)                removing `superscript' on input line 2528.


Package hyperref Warning: Token not allowed in a PDF string (PDFDocEncoding):
(hyperref)                removing `math shift' on input line 2528.

[80] [81]

Package hyperref Warning: Token not allowed in a PDF string (PDFDocEncoding):
(hyperref)                removing `math shift' on input line 2666.


Package hyperref Warning: Token not allowed in a PDF string (PDFDocEncoding):
(hyperref)                removing `\chi' on input line 2666.


Package hyperref Warning: Token not allowed in a PDF string (PDFDocEncoding):
(hyperref)                removing `superscript' on input line 2666.


Package hyperref Warning: Token not allowed in a PDF string (PDFDocEncoding):
(hyperref)                removing `math shift' on input line 2666.

[82]

Package amsmath Warning: Foreign command \atopwithdelims;
(amsmath)                \frac or \genfrac should be used instead
(amsmath)                 on input line 2681.

[83] [84]
Capitolo 3.
[85

]
LaTeX Font Info:    Font shape `TS1/aett/m/n' in size <8> not available
(Font)              Font shape `TS1/cmtt/m/n' tried instead on input line 2768.

 [86] [87] [88] [89] [90] [91] [92] [93] [94] [95] [96] [97] [98] [99]
[100] [101] [102] [103] [104] [105]
<statisticaconR-280.pdf, id=852, 433.62pt x 433.62pt>
File: statisticaconR-280.pdf Graphic file (type pdf)

<use statisticaconR-280.pdf>
Package pdftex.def Info: statisticaconR-280.pdf used on input line 3837.
(pdftex.def)             Requested size: 288.0011pt x 288.01624pt.

Underfull \vbox (badness 10000) has occurred while \output is active []

 [106]
Overfull \hbox (37.88278pt too wide) in paragraph at lines 3841--3845
[]\T1/aer/m/n/10.95 Costruire una fun-zio-ne \T1/aett/bx/n/10.95 in-se-ri-sci \
T1/aer/m/n/10.95 ta-le che il co-man-do $[]\OT1/cmr/m/n/10.95 ([]\OML/cmm/m/it/
10.95 ; []; []\OT1/cmr/m/n/10.95 )$
 []

[107 <./statisticaconR-280.pdf>] [108]
Capitolo 4.
[109

]

Package hyperref Warning: Difference (2) between bookmark levels is greater 
(hyperref)                than one, level fixed on input line 3924.

[110] [111] [112]
Capitolo 5.

Underfull \vbox (badness 4454) has occurred while \output is active []

 [113

]
[114] [115]

Package hyperref Warning: Token not allowed in a PDF string (PDFDocEncoding):
(hyperref)                removing `math shift' on input line 4236.


Package hyperref Warning: Token not allowed in a PDF string (PDFDocEncoding):
(hyperref)                removing `\chi' on input line 4236.


Package hyperref Warning: Token not allowed in a PDF string (PDFDocEncoding):
(hyperref)                removing `superscript' on input line 4236.


Package hyperref Warning: Token not allowed in a PDF string (PDFDocEncoding):
(hyperref)                removing `math shift' on input line 4236.


Package hyperref Warning: Token not allowed in a PDF string (PDFDocEncoding):
(hyperref)                removing `math shift' on input line 4273.


Package hyperref Warning: Token not allowed in a PDF string (PDFDocEncoding):
(hyperref)                removing `\chi' on input line 4273.


Package hyperref Warning: Token not allowed in a PDF string (PDFDocEncoding):
(hyperref)                removing `superscript' on input line 4273.


Package hyperref Warning: Token not allowed in a PDF string (PDFDocEncoding):
(hyperref)                removing `math shift' on input line 4273.

[116] <statisticaconR-311.pdf, id=919, 433.62pt x 433.62pt>
File: statisticaconR-311.pdf Graphic file (type pdf)

<use statisticaconR-311.pdf>
Package pdftex.def Info: statisticaconR-311.pdf used on input line 4322.
(pdftex.def)             Requested size: 288.0011pt x 288.01624pt.

<statisticaconR-312.pdf, id=920, 433.62pt x 361.35pt>
File: statisticaconR-312.pdf Graphic file (type pdf)

<use statisticaconR-312.pdf>
Package pdftex.def Info: statisticaconR-312.pdf used on input line 4331.
(pdftex.def)             Requested size: 288.0011pt x 240.01353pt.

Overfull \hbox (7.63922pt too wide) in paragraph at lines 4322--4336
[] \T1/aer/m/n/10.95 ot-te-nen-do il gra-
 []

[117] [118 <./statisticaconR-311.pdf>] [119 <./statisticaconR-312.pdf>]
<statisticaconR-317.pdf, id=949, 433.62pt x 433.62pt>
File: statisticaconR-317.pdf Graphic file (type pdf)

<use statisticaconR-317.pdf>
Package pdftex.def Info: statisticaconR-317.pdf used on input line 4393.
(pdftex.def)             Requested size: 288.0011pt x 288.01624pt.
 [120] [121 <./statisticaconR-317.pdf>] [122]
<statisticaconR-321.pdf, id=974, 433.62pt x 433.62pt>
File: statisticaconR-321.pdf Graphic file (type pdf)

<use statisticaconR-321.pdf>
Package pdftex.def Info: statisticaconR-321.pdf used on input line 4467.
(pdftex.def)             Requested size: 288.0011pt x 288.01624pt.
 [123 <./statisticaconR-321.pdf>]
<statisticaconR-323.pdf, id=986, 433.62pt x 433.62pt>
File: statisticaconR-323.pdf Graphic file (type pdf)

<use statisticaconR-323.pdf>
Package pdftex.def Info: statisticaconR-323.pdf used on input line 4490.
(pdftex.def)             Requested size: 288.0011pt x 288.01624pt.
 [124 <./statisticaconR-323.pdf>]
<statisticaconR-326.pdf, id=998, 433.62pt x 433.62pt>
File: statisticaconR-326.pdf Graphic file (type pdf)

<use statisticaconR-326.pdf>
Package pdftex.def Info: statisticaconR-326.pdf used on input line 4517.
(pdftex.def)             Requested size: 288.0011pt x 288.01624pt.
 [125 <./statisticaconR-326.pdf>]
<statisticaconR-330.pdf, id=1009, 433.62pt x 433.62pt>
File: statisticaconR-330.pdf Graphic file (type pdf)

<use statisticaconR-330.pdf>
Package pdftex.def Info: statisticaconR-330.pdf used on input line 4590.
(pdftex.def)             Requested size: 288.0011pt x 288.01624pt.
 [126] [127 <./statisticaconR-330.pdf>] [128

]
Capitolo 6.

LaTeX Warning: Citation `murrell' on page 129 undefined on input line 4594.

[129] [130]
Overfull \hbox (16.64215pt too wide) in paragraph at lines 4661--4665
\T1/aer/m/n/10.95 sta-to gra-fi-co di un par-ti-co-la-re pa-ra-me-tro ba-sta sc
ri-ve-re $[]$.
 []

<statisticaconR-334.pdf, id=1043, 433.62pt x 433.62pt>
File: statisticaconR-334.pdf Graphic file (type pdf)

<use statisticaconR-334.pdf>
Package pdftex.def Info: statisticaconR-334.pdf used on input line 4672.
(pdftex.def)             Requested size: 288.0011pt x 288.01624pt.


LaTeX Warning: Reference `parbg' on page 131 undefined on input line 4678.

[131] [132 <./statisticaconR-334.pdf>]

LaTeX Warning: Reference `graficiaffiancati' on page 133 undefined on input lin
e 4710.

<statisticaconR-337.pdf, id=1060, 433.62pt x 433.62pt>
File: statisticaconR-337.pdf Graphic file (type pdf)

<use statisticaconR-337.pdf>
Package pdftex.def Info: statisticaconR-337.pdf used on input line 4713.
(pdftex.def)             Requested size: 288.0011pt x 288.01624pt.
 [133 <./statisticaconR-337.pdf>]
<statisticaconR-341.pdf, id=1072, 433.62pt x 433.62pt>
File: statisticaconR-341.pdf Graphic file (type pdf)

<use statisticaconR-341.pdf>
Package pdftex.def Info: statisticaconR-341.pdf used on input line 4760.
(pdftex.def)             Requested size: 288.0011pt x 288.01624pt.

Underfull \hbox (badness 1067) in paragraph at lines 4761--4761
[]\T1/aer/m/n/10.95 Figura 6.3: []Mortalit dei mo-sce-ri-ni. A si-ni-stra la d
e-cre-sci-ta del-la
 []

[134] [135 <./statisticaconR-341.pdf>]

LaTeX Warning: Reference `4moscerini' on page 136 undefined on input line 4824.


<statisticaconR-345.pdf, id=1089, 433.62pt x 433.62pt>
File: statisticaconR-345.pdf Graphic file (type pdf)

<use statisticaconR-345.pdf>
Package pdftex.def Info: statisticaconR-345.pdf used on input line 4826.
(pdftex.def)             Requested size: 288.0011pt x 288.01624pt.
 [136] [137 <./statisticaconR-345.pdf>]
<statisticaconR-347.pdf, id=1107, 433.62pt x 433.62pt>
File: statisticaconR-347.pdf Graphic file (type pdf)

<use statisticaconR-347.pdf>
Package pdftex.def Info: statisticaconR-347.pdf used on input line 4849.
(pdftex.def)             Requested size: 288.0011pt x 288.01624pt.
 [138 <./statisticaconR-347.pdf>]
<statisticaconR-349.pdf, id=1120, 505.89pt x 289.08pt>
File: statisticaconR-349.pdf Graphic file (type pdf)

<use statisticaconR-349.pdf>
Package pdftex.def Info: statisticaconR-349.pdf used on input line 4887.
(pdftex.def)             Requested size: 288.0011pt x 164.5744pt.
Package color Info: Redefining color grigetto on input line 4888.

Underfull \hbox (badness 1448) in paragraph at lines 4888--4888
[]\T1/aer/m/n/10.95 Migliorare que-sti gra-fi-ci se-con-do il gu-sto per-so-na-
le in-se-ren-do, ti-to-li,
 []


Overfull \hbox (23.0pt too wide) in paragraph at lines 4888--4889
[][][][][][][] 
 []

[139 <./statisticaconR-349.pdf>]
<statisticaconR-350.pdf, id=1131, 433.62pt x 433.62pt>
File: statisticaconR-350.pdf Graphic file (type pdf)

<use statisticaconR-350.pdf>
Package pdftex.def Info: statisticaconR-350.pdf used on input line 4907.
(pdftex.def)             Requested size: 288.0011pt x 288.01624pt.
 [140 <./statisticaconR-350.pdf>]
<statisticaconR-352.pdf, id=1142, 433.62pt x 433.62pt>
File: statisticaconR-352.pdf Graphic file (type pdf)

<use statisticaconR-352.pdf>
Package pdftex.def Info: statisticaconR-352.pdf used on input line 4923.
(pdftex.def)             Requested size: 288.0011pt x 288.01624pt.
 [141 <./statisticaconR-352.pdf>]
<statisticaconR-353.pdf, id=1156, 433.62pt x 433.62pt>
File: statisticaconR-353.pdf Graphic file (type pdf)

<use statisticaconR-353.pdf>
Package pdftex.def Info: statisticaconR-353.pdf used on input line 4946.
(pdftex.def)             Requested size: 288.0011pt x 288.01624pt.

<statisticaconR-355.pdf, id=1157, 433.62pt x 433.62pt>
File: statisticaconR-355.pdf Graphic file (type pdf)

<use statisticaconR-355.pdf>
Package pdftex.def Info: statisticaconR-355.pdf used on input line 4959.
(pdftex.def)             Requested size: 288.0011pt x 288.01624pt.
 [142 <./statisticaconR-353.pdf>]
<statisticaconR-356.pdf, id=1168, 433.62pt x 433.62pt>
File: statisticaconR-356.pdf Graphic file (type pdf)

<use statisticaconR-356.pdf>
Package pdftex.def Info: statisticaconR-356.pdf used on input line 4976.
(pdftex.def)             Requested size: 288.0011pt x 288.01624pt.

Underfull \vbox (badness 10000) has occurred while \output is active []

 [143 <./statisticaconR-355.pdf>] [144 <./statisticaconR-356.pdf>]
<statisticaconR-358.pdf, id=1191, 433.62pt x 433.62pt>
File: statisticaconR-358.pdf Graphic file (type pdf)

<use statisticaconR-358.pdf>
Package pdftex.def Info: statisticaconR-358.pdf used on input line 5002.
(pdftex.def)             Requested size: 288.0011pt x 288.01624pt.


LaTeX Warning: Reference `normale13' on page 145 undefined on input line 5009.

[145 <./statisticaconR-358.pdf>]

LaTeX Warning: Reference `normale200punti' on page 146 undefined on input line 
5042.

<statisticaconR-361.pdf, id=1203, 433.62pt x 433.62pt>
File: statisticaconR-361.pdf Graphic file (type pdf)

<use statisticaconR-361.pdf>
Package pdftex.def Info: statisticaconR-361.pdf used on input line 5045.
(pdftex.def)             Requested size: 288.0011pt x 288.01624pt.
 [146] [147 <./statisticaconR-361.pdf>]
<statisticaconR-363.pdf, id=1220, 433.62pt x 433.62pt>
File: statisticaconR-363.pdf Graphic file (type pdf)

<use statisticaconR-363.pdf>
Package pdftex.def Info: statisticaconR-363.pdf used on input line 5084.
(pdftex.def)             Requested size: 288.0011pt x 288.01624pt.

<statisticaconR-364.pdf, id=1221, 433.62pt x 433.62pt>
File: statisticaconR-364.pdf Graphic file (type pdf)

<use statisticaconR-364.pdf>
Package pdftex.def Info: statisticaconR-364.pdf used on input line 5098.
(pdftex.def)             Requested size: 288.0011pt x 288.01624pt.
 [148 <./statisticaconR-363.pdf>] [149 <./statisticaconR-364.pdf>] <statisticac
onR-365.pdf, id=1245, 433.62pt x 433.62pt>
File: statisticaconR-365.pdf Graphic file (type pdf)

<use statisticaconR-365.pdf>
Package pdftex.def Info: statisticaconR-365.pdf used on input line 5121.
(pdftex.def)             Requested size: 288.0011pt x 288.01624pt.
 [150 <./statisticaconR-365.pdf>]

LaTeX Warning: Reference `vulcano3D' on page 151 undefined on input line 5147.

<statisticaconR-367.pdf, id=1254, 433.62pt x 433.62pt>
File: statisticaconR-367.pdf Graphic file (type pdf)

<use statisticaconR-367.pdf>
Package pdftex.def Info: statisticaconR-367.pdf used on input line 5150.
(pdftex.def)             Requested size: 288.0011pt x 288.01624pt.
 [151 <./statisticaconR-367.pdf>]
<statisticaconR-368.pdf, id=1263, 433.62pt x 433.62pt>
File: statisticaconR-368.pdf Graphic file (type pdf)

<use statisticaconR-368.pdf>
Package pdftex.def Info: statisticaconR-368.pdf used on input line 5184.
(pdftex.def)             Requested size: 288.0011pt x 288.01624pt.

Underfull \vbox (badness 10000) has occurred while \output is active []

 [152]
[153 <./statisticaconR-368.pdf>] [154]
<../grafici/cubo.pdf, id=1289, 256.96pt x 256.96pt>
File: ../grafici/cubo.pdf Graphic file (type pdf)
 <use ../grafici/cubo.pdf>
Package pdftex.def Info: ../grafici/cubo.pdf used on input line 5256.
(pdftex.def)             Requested size: 288.02457pt x 144.53964pt.

<../grafici/1000punti.pdf, id=1290, 256.96pt x 256.96pt>
File: ../grafici/1000punti.pdf Graphic file (type pdf)

<use ../grafici/1000punti.pdf>
Package pdftex.def Info: ../grafici/1000punti.pdf used on input line 5279.
(pdftex.def)             Requested size: 205.56827pt x 205.56827pt.
 [155 <../grafici/cubo.pdf>] [156 <../grafici/1000punti.pdf>] <../grafici/vulca
no.pdf, id=1330, 256.96pt x 256.96pt>
File: ../grafici/vulcano.pdf Graphic file (type pdf)

<use ../grafici/vulcano.pdf>
Package pdftex.def Info: ../grafici/vulcano.pdf used on input line 5305.
(pdftex.def)             Requested size: 205.56827pt x 205.56827pt.
 [157 <../grafici/vulcano.pdf>]
<statisticaconR-378.pdf, id=12649, 433.62pt x 433.62pt>
File: statisticaconR-378.pdf Graphic file (type pdf)

<use statisticaconR-378.pdf>
Package pdftex.def Info: statisticaconR-378.pdf used on input line 5346.
(pdftex.def)             Requested size: 288.0011pt x 288.01624pt.

Underfull \vbox (badness 10000) has occurred while \output is active []

 [158]
<statisticaconR-379.pdf, id=12656, 433.62pt x 433.62pt>
File: statisticaconR-379.pdf Graphic file (type pdf)

<use statisticaconR-379.pdf>
Package pdftex.def Info: statisticaconR-379.pdf used on input line 5371.
(pdftex.def)             Requested size: 288.0011pt x 288.01624pt.
 [159 <./statisticaconR-378.pdf>] [160 <./statisticaconR-379.pdf>] <../grafici/
wire.pdf, id=12680, 505.89pt x 505.89pt>
File: ../grafici/wire.pdf Graphic file (type pdf)

<use ../grafici/wire.pdf>
Package pdftex.def Info: ../grafici/wire.pdf used on input line 5393.
(pdftex.def)             Requested size: 303.53633pt x 303.53633pt.
 [161 <../grafici/wire.pdf>]
<../grafici/Titanic.pdf, id=12692, 505.89pt x 505.89pt>
File: ../grafici/Titanic.pdf Graphic file (type pdf)

<use ../grafici/Titanic.pdf>
Package pdftex.def Info: ../grafici/Titanic.pdf used on input line 5417.
(pdftex.def)             Requested size: 404.71254pt x 404.71254pt.
 [162 <../grafici/Titanic.pdf>]
<../grafici/cloudgraph.pdf, id=12703, 505.89pt x 505.89pt>
File: ../grafici/cloudgraph.pdf Graphic file (type pdf)

<use ../grafici/cloudgraph.pdf>
Package pdftex.def Info: ../grafici/cloudgraph.pdf used on input line 5441.
(pdftex.def)             Requested size: 404.71254pt x 404.71254pt.
 [163 <../grafici/cloudgraph.pdf>]
<../grafici/parallelplot.pdf, id=12715, 505.89pt x 505.89pt>
File: ../grafici/parallelplot.pdf Graphic file (type pdf)

<use ../grafici/parallelplot.pdf>
Package pdftex.def Info: ../grafici/parallelplot.pdf used on input line 5463.
(pdftex.def)             Requested size: 303.53633pt x 303.53633pt.
 [164 <../grafici/parallelplot.pdf>]
<../grafici/parplot2.pdf, id=12726, 505.89pt x 505.89pt>
File: ../grafici/parplot2.pdf Graphic file (type pdf)

<use ../grafici/parplot2.pdf>
Package pdftex.def Info: ../grafici/parplot2.pdf used on input line 5487.
(pdftex.def)             Requested size: 303.53633pt x 303.53633pt.
 [165 <../grafici/parplot2.pdf>]
<../grafici/SPPLOT.pdf, id=12739, 505.89pt x 505.89pt>
File: ../grafici/SPPLOT.pdf Graphic file (type pdf)

<use ../grafici/SPPLOT.pdf>
Package pdftex.def Info: ../grafici/SPPLOT.pdf used on input line 5545.
(pdftex.def)             Requested size: 303.53633pt x 303.53633pt.
 [166] [167 <../grafici/SPPLOT.pdf>]
<statisticaconR-391.pdf, id=12755, 433.62pt x 433.62pt>
File: statisticaconR-391.pdf Graphic file (type pdf)

<use statisticaconR-391.pdf>
Package pdftex.def Info: statisticaconR-391.pdf used on input line 5565.
(pdftex.def)             Requested size: 288.0011pt x 288.01624pt.

Overfull \hbox (137.8625pt too wide) in paragraph at lines 5569--5574
[]\T1/aer/m/n/10.95 <<echo=TRUE,eval=FALSE>>= names(dati)<-as.character(floor(s
eq(1860,1959,length=length(dati))))
 []

[168 <./statisticaconR-391.pdf>]
<statisticaconR-393.pdf, id=12766, 433.62pt x 433.62pt>
File: statisticaconR-393.pdf Graphic file (type pdf)

<use statisticaconR-393.pdf>
Package pdftex.def Info: statisticaconR-393.pdf used on input line 5604.
(pdftex.def)             Requested size: 288.0011pt x 288.01624pt.

Underfull \vbox (badness 10000) has occurred while \output is active []

 [169]
[170 <./statisticaconR-393.pdf>]
<statisticaconR-394.pdf, id=12782, 433.62pt x 433.62pt>
File: statisticaconR-394.pdf Graphic file (type pdf)

<use statisticaconR-394.pdf>
Package pdftex.def Info: statisticaconR-394.pdf used on input line 5637.
(pdftex.def)             Requested size: 288.0011pt x 288.01624pt.
 [171 <./statisticaconR-394.pdf>]
<statisticaconR-396.pdf, id=12794, 433.62pt x 433.62pt>
File: statisticaconR-396.pdf Graphic file (type pdf)

<use statisticaconR-396.pdf>
Package pdftex.def Info: statisticaconR-396.pdf used on input line 5662.
(pdftex.def)             Requested size: 288.0011pt x 288.01624pt.
 [172 <./statisticaconR-396.pdf>] [173] [174]
[175] [176] [177] [178] [179] [180] [181]

! LaTeX Error: File `../biblio.tex' not found.

Type X to quit or <RETURN> to proceed,
or enter new name. (Default extension: tex)

Enter file name: 
No file statisticaconR.ind.
Package atveryend Info: Empty hook `BeforeClearDocument' on input line 6157.
Package atveryend Info: Empty hook `AfterLastShipout' on input line 6157.
(./statisticaconR.aux)
Package atveryend Info: Executing hook `AtVeryEndDocument' on input line 6157.
Package atveryend Info: Executing hook `AtEndAfterFileList' on input line 6157.



Package rerunfilecheck Warning: File `statisticaconR.out' has changed.
(rerunfilecheck)                Rerun to get outlines right
(rerunfilecheck)                or use package `bookmark'.

Package rerunfilecheck Info: Checksums for `statisticaconR.out':
(rerunfilecheck)             Before: <no file>
(rerunfilecheck)             After:  F011619A68782296ADA7D7A93666351A;6638.

LaTeX Font Warning: Some font shapes were not available, defaults substituted.


LaTeX Warning: There were undefined references.


LaTeX Warning: Label(s) may have changed. Rerun to get cross-references right.

 ) 
Here is how much of TeX's memory you used:
 9568 strings out of 493089
 138143 string characters out of 6134842
 322670 words of memory out of 5000000
 12316 multiletter control sequences out of 15000+600000
 86698 words of font info for 158 fonts, out of 8000000 for 9000
 1141 hyphenation exceptions out of 8191
 35i,12n,43p,806b,742s stack positions out of 5000i,500n,10000p,200000b,80000s
{/usr/local/texlive/2015/texmf-dist/fonts/enc/dvips/cm-super/cm-super-ts1.enc
}</usr/local/texlive/2015/texmf-dist/fonts/type1/public/amsfonts/cm/cmbx10.pfb>
</usr/local/texlive/2015/texmf-dist/fonts/type1/public/amsfonts/cm/cmbx12.pfb><
/usr/local/texlive/2015/texmf-dist/fonts/type1/public/amsfonts/cm/cmbxti10.pfb>
</usr/local/texlive/2015/texmf-dist/fonts/type1/public/amsfonts/cm/cmex10.pfb><
/usr/local/texlive/2015/texmf-dist/fonts/type1/public/amsfonts/cm/cmmi10.pfb></
usr/local/texlive/2015/texmf-dist/fonts/type1/public/amsfonts/cm/cmmi12.pfb></u
sr/local/texlive/2015/texmf-dist/fonts/type1/public/amsfonts/cm/cmmi6.pfb></usr
/local/texlive/2015/texmf-dist/fonts/type1/public/amsfonts/cm/cmmi8.pfb></usr/l
ocal/texlive/2015/texmf-dist/fonts/type1/public/amsfonts/cm/cmr10.pfb></usr/loc
al/texlive/2015/texmf-dist/fonts/type1/public/amsfonts/cm/cmr12.pfb></usr/local
/texlive/2015/texmf-dist/fonts/type1/public/amsfonts/cm/cmr17.pfb></usr/local/t
exlive/2015/texmf-dist/fonts/type1/public/amsfonts/cm/cmr6.pfb></usr/local/texl
ive/2015/texmf-dist/fonts/type1/public/amsfonts/cm/cmr8.pfb></usr/local/texlive
/2015/texmf-dist/fonts/type1/public/amsfonts/cm/cmr9.pfb></usr/local/texlive/20
15/texmf-dist/fonts/type1/public/amsfonts/cm/cmss10.pfb></usr/local/texlive/201
5/texmf-dist/fonts/type1/public/amsfonts/cm/cmss17.pfb></usr/local/texlive/2015
/texmf-dist/fonts/type1/public/amsfonts/cm/cmss8.pfb></usr/local/texlive/2015/t
exmf-dist/fonts/type1/public/amsfonts/cm/cmssbx10.pfb></usr/local/texlive/2015/
texmf-dist/fonts/type1/public/amsfonts/cm/cmssi10.pfb></usr/local/texlive/2015/
texmf-dist/fonts/type1/public/amsfonts/cm/cmssi8.pfb></usr/local/texlive/2015/t
exmf-dist/fonts/type1/public/amsfonts/cm/cmsy10.pfb></usr/local/texlive/2015/te
xmf-dist/fonts/type1/public/amsfonts/cm/cmsy6.pfb></usr/local/texlive/2015/texm
f-dist/fonts/type1/public/amsfonts/cm/cmsy8.pfb></usr/local/texlive/2015/texmf-
dist/fonts/type1/public/amsfonts/cm/cmsy9.pfb></usr/local/texlive/2015/texmf-di
st/fonts/type1/public/amsfonts/cm/cmti10.pfb></usr/local/texlive/2015/texmf-dis
t/fonts/type1/public/amsfonts/cm/cmti12.pfb></usr/local/texlive/2015/texmf-dist
/fonts/type1/public/amsfonts/cm/cmtt10.pfb></usr/local/texlive/2015/texmf-dist/
fonts/type1/public/amsfonts/cm/cmtt12.pfb></usr/local/texlive/2015/texmf-dist/f
onts/type1/public/amsfonts/cm/cmtt8.pfb></usr/local/texlive/2015/texmf-dist/fon
ts/type1/public/amsfonts/cm/cmtt9.pfb></usr/local/texlive/2015/texmf-dist/fonts
/type1/public/cm-super/sfrm1095.pfb></usr/local/texlive/2015/texmf-dist/fonts/t
ype1/public/cm-super/sftt0800.pfb></usr/local/texlive/2015/texmf-dist/fonts/typ
e1/public/cm-super/sftt1095.pfb>
Output written on statisticaconR.pdf (185 pages, 5379195 bytes).
PDF statistics:
 13040 PDF objects out of 15390 (max. 8388607)
 1339 compressed objects within 14 object streams
 395 named destinations out of 1000 (max. 500000)
 395 words of extra memory for PDF output out of 10000 (max. 10000000)

